
> budgie-frontend@1.0.0 dev
> vite


  [32m[1mVITE[22m v5.4.21[39m  [2mready in [0m[1m295[22m[2m[0m ms[22m

  [32m➜[39m  [1mLocal[22m:   [36mhttp://localhost:[1m5173[22m/[39m
[2m  [32m➜[39m  [1mNetwork[22m[2m: use [22m[1m--host[22m[2m to expose[22m
[2m[32m  ➜[39m[22m[2m  press [22m[1mh + enter[22m[2m to show help[22m
[2m5:13:41 pm[22m [36m[1m[vite][22m[39m [32mhmr update [39m[2m/src/components/AddBillModal.tsx[22m
[2m5:13:44 pm[22m [36m[1m[vite][22m[39m [32mhmr update [39m[2m/src/components/AddBillModal.tsx[22m
[2m5:13:48 pm[22m [36m[1m[vite][22m[39m [32mhmr update [39m[2m/src/components/AddBillModal.tsx[22m
[2m5:13:51 pm[22m [36m[1m[vite][22m[39m [32mhmr update [39m[2m/src/components/AddBillModal.tsx[22m
[2m5:13:57 pm[22m [36m[1m[vite][22m[39m [32mhmr update [39m[2m/src/components/AddBillModal.tsx[22m
[2m5:13:57 pm[22m [31m[1m[vite][22m[39m [31mInternal server error: C:\Users\simon\github\Budgie\app\frontend\src\components\AddBillModal.tsx: Unexpected token, expected "," (271:6)

[0m [90m 269 |[31m     [33m<[31m[33m/[31m[33mdiv[31m[33m>[31m
 [90m 270 |[31m
[31m[1m>[22m[31m[90m 271 |[31m       {confirmDelete [33m&&[31m bill [33m&&[31m (
 [90m     |[31m       [31m[1m^[22m[31m
 [90m 272 |[31m         [33m<[31m[33mConfirmModal[31m
 [90m 273 |[31m           title[33m=[31m{[32m`Delete "${bill.name}"?`[31m}
 [90m 274 |[31m           message[33m=[31m[32m"This will permanently remove the bill and stop Budgie setting it aside each payday."[31m[0m[39m
  Plugin: [35mvite:react-babel[39m
  File: [36mC:/Users/simon/github/Budgie/app/frontend/src/components/AddBillModal.tsx[39m:271:6
[33m  269|      </div>
  270|  
  271|        {confirmDelete && bill && (
     |        ^
  272|          <ConfirmModal
  273|            title={`Delete "${bill.name}"?`}[39m
      at constructor (C:\Users\simon\github\Budgie\app\frontend\node_modules\@babel\parser\lib\index.js:365:19)
      at TypeScriptParserMixin.raise (C:\Users\simon\github\Budgie\app\frontend\node_modules\@babel\parser\lib\index.js:6616:19)
      at TypeScriptParserMixin.unexpected (C:\Users\simon\github\Budgie\app\frontend\node_modules\@babel\parser\lib\index.js:6636:16)
      at TypeScriptParserMixin.expect (C:\Users\simon\github\Budgie\app\frontend\node_modules\@babel\parser\lib\index.js:6916:12)
      at TypeScriptParserMixin.parseParenAndDistinguishExpression (C:\Users\simon\github\Budgie\app\frontend\node_modules\@babel\parser\lib\index.js:11678:14)
      at TypeScriptParserMixin.parseExprAtom (C:\Users\simon\github\Budgie\app\frontend\node_modules\@babel\parser\lib\index.js:11348:23)
      at TypeScriptParserMixin.parseExprAtom (C:\Users\simon\github\Budgie\app\frontend\node_modules\@babel\parser\lib\index.js:4776:20)
      at TypeScriptParserMixin.parseExprSubscripts (C:\Users\simon\github\Budgie\app\frontend\node_modules\@babel\parser\lib\index.js:11098:23)
      at TypeScriptParserMixin.parseUpdate (C:\Users\simon\github\Budgie\app\frontend\node_modules\@babel\parser\lib\index.js:11083:21)
      at TypeScriptParserMixin.parseMaybeUnary (C:\Users\simon\github\Budgie\app\frontend\node_modules\@babel\parser\lib\index.js:11063:23)
      at TypeScriptParserMixin.parseMaybeUnary (C:\Users\simon\github\Budgie\app\frontend\node_modules\@babel\parser\lib\index.js:9854:18)
      at TypeScriptParserMixin.parseMaybeUnaryOrPrivate (C:\Users\simon\github\Budgie\app\frontend\node_modules\@babel\parser\lib\index.js:10916:61)
      at TypeScriptParserMixin.parseExprOps (C:\Users\simon\github\Budgie\app\frontend\node_modules\@babel\parser\lib\index.js:10921:23)
      at TypeScriptParserMixin.parseMaybeConditional (C:\Users\simon\github\Budgie\app\frontend\node_modules\@babel\parser\lib\index.js:10898:23)
      at TypeScriptParserMixin.parseMaybeAssign (C:\Users\simon\github\Budgie\app\frontend\node_modules\@babel\parser\lib\index.js:10848:21)
      at TypeScriptParserMixin.parseMaybeAssign (C:\Users\simon\github\Budgie\app\frontend\node_modules\@babel\parser\lib\index.js:9803:20)
      at TypeScriptParserMixin.parseExpressionBase (C:\Users\simon\github\Budgie\app\frontend\node_modules\@babel\parser\lib\index.js:10801:23)
      at C:\Users\simon\github\Budgie\app\frontend\node_modules\@babel\parser\lib\index.js:10797:39
      at TypeScriptParserMixin.allowInAnd (C:\Users\simon\github\Budgie\app\frontend\node_modules\@babel\parser\lib\index.js:12438:16)
      at TypeScriptParserMixin.parseExpression (C:\Users\simon\github\Budgie\app\frontend\node_modules\@babel\parser\lib\index.js:10797:17)
      at TypeScriptParserMixin.parseReturnStatement (C:\Users\simon\github\Budgie\app\frontend\node_modules\@babel\parser\lib\index.js:13159:28)
      at TypeScriptParserMixin.parseStatementContent (C:\Users\simon\github\Budgie\app\frontend\node_modules\@babel\parser\lib\index.js:12815:21)
      at TypeScriptParserMixin.parseStatementContent (C:\Users\simon\github\Budgie\app\frontend\node_modules\@babel\parser\lib\index.js:9525:18)
      at TypeScriptParserMixin.parseStatementLike (C:\Users\simon\github\Budgie\app\frontend\node_modules\@babel\parser\lib\index.js:12784:17)
      at TypeScriptParserMixin.parseStatementListItem (C:\Users\simon\github\Budgie\app\frontend\node_modules\@babel\parser\lib\index.js:12764:17)
      at TypeScriptParserMixin.parseBlockOrModuleBlockBody (C:\Users\simon\github\Budgie\app\frontend\node_modules\@babel\parser\lib\index.js:13333:61)
      at TypeScriptParserMixin.parseBlockBody (C:\Users\simon\github\Budgie\app\frontend\node_modules\@babel\parser\lib\index.js:13326:10)
      at TypeScriptParserMixin.parseBlock (C:\Users\simon\github\Budgie\app\frontend\node_modules\@babel\parser\lib\index.js:13314:10)
      at TypeScriptParserMixin.parseFunctionBody (C:\Users\simon\github\Budgie\app\frontend\node_modules\@babel\parser\lib\index.js:12117:24)
      at TypeScriptParserMixin.parseFunctionBodyAndFinish (C:\Users\simon\github\Budgie\app\frontend\node_modules\@babel\parser\lib\index.js:12103:10)
      at TypeScriptParserMixin.parseFunctionBodyAndFinish (C:\Users\simon\github\Budgie\app\frontend\node_modules\@babel\parser\lib\index.js:9189:18)
      at C:\Users\simon\github\Budgie\app\frontend\node_modules\@babel\parser\lib\index.js:13462:12
      at TypeScriptParserMixin.withSmartMixTopicForbiddingContext (C:\Users\simon\github\Budgie\app\frontend\node_modules\@babel\parser\lib\index.js:12420:14)
      at TypeScriptParserMixin.parseFunction (C:\Users\simon\github\Budgie\app\frontend\node_modules\@babel\parser\lib\index.js:13461:10)
      at TypeScriptParserMixin.parseExportDefaultExpression (C:\Users\simon\github\Budgie\app\frontend\node_modules\@babel\parser\lib\index.js:13924:19)
      at TypeScriptParserMixin.parseExportDefaultExpression (C:\Users\simon\github\Budgie\app\frontend\node_modules\@babel\parser\lib\index.js:9419:18)
      at TypeScriptParserMixin.parseExport (C:\Users\simon\github\Budgie\app\frontend\node_modules\@babel\parser\lib\index.js:13845:25)
      at TypeScriptParserMixin.parseExport (C:\Users\simon\github\Budgie\app\frontend\node_modules\@babel\parser\lib\index.js:9402:20)
      at TypeScriptParserMixin.parseStatementContent (C:\Users\simon\github\Budgie\app\frontend\node_modules\@babel\parser\lib\index.js:12895:27)
      at TypeScriptParserMixin.parseStatementContent (C:\Users\simon\github\Budgie\app\frontend\node_modules\@babel\parser\lib\index.js:9525:18)
      at TypeScriptParserMixin.parseStatementLike (C:\Users\simon\github\Budgie\app\frontend\node_modules\@babel\parser\lib\index.js:12784:17)
      at TypeScriptParserMixin.parseModuleItem (C:\Users\simon\github\Budgie\app\frontend\node_modules\@babel\parser\lib\index.js:12761:17)
      at TypeScriptParserMixin.parseBlockOrModuleBlockBody (C:\Users\simon\github\Budgie\app\frontend\node_modules\@babel\parser\lib\index.js:13333:36)
      at TypeScriptParserMixin.parseBlockBody (C:\Users\simon\github\Budgie\app\frontend\node_modules\@babel\parser\lib\index.js:13326:10)
      at TypeScriptParserMixin.parseProgram (C:\Users\simon\github\Budgie\app\frontend\node_modules\@babel\parser\lib\index.js:12639:10)
      at TypeScriptParserMixin.parseTopLevel (C:\Users\simon\github\Budgie\app\frontend\node_modules\@babel\parser\lib\index.js:12629:25)
      at TypeScriptParserMixin.parse (C:\Users\simon\github\Budgie\app\frontend\node_modules\@babel\parser\lib\index.js:14505:25)
      at TypeScriptParserMixin.parse (C:\Users\simon\github\Budgie\app\frontend\node_modules\@babel\parser\lib\index.js:10143:18)
      at parse (C:\Users\simon\github\Budgie\app\frontend\node_modules\@babel\parser\lib\index.js:14539:38)
      at parser (C:\Users\simon\github\Budgie\app\frontend\node_modules\@babel\core\lib\parser\index.js:41:34)
[2m5:14:09 pm[22m [31m[1m[vite][22m[39m Pre-transform error: C:\Users\simon\github\Budgie\app\frontend\src\components\AddBillModal.tsx: Unexpected token, expected "," (271:6)

[0m [90m 269 |[39m     [33m<[39m[33m/[39m[33mdiv[39m[33m>[39m
 [90m 270 |[39m
[31m[1m>[22m[39m[90m 271 |[39m       {confirmDelete [33m&&[39m bill [33m&&[39m (
 [90m     |[39m       [31m[1m^[22m[39m
 [90m 272 |[39m         [33m<[39m[33mConfirmModal[39m
 [90m 273 |[39m           title[33m=[39m{[32m`Delete "${bill.name}"?`[39m}
 [90m 274 |[39m           message[33m=[39m[32m"This will permanently remove the bill and stop Budgie setting it aside each payday."[39m[0m
[2m5:14:09 pm[22m [31m[1m[vite][22m[39m [31mInternal server error: C:\Users\simon\github\Budgie\app\frontend\src\components\AddBillModal.tsx: Unexpected token, expected "," (271:6)

[0m [90m 269 |[31m     [33m<[31m[33m/[31m[33mdiv[31m[33m>[31m
 [90m 270 |[31m
[31m[1m>[22m[31m[90m 271 |[31m       {confirmDelete [33m&&[31m bill [33m&&[31m (
 [90m     |[31m       [31m[1m^[22m[31m
 [90m 272 |[31m         [33m<[31m[33mConfirmModal[31m
 [90m 273 |[31m           title[33m=[31m{[32m`Delete "${bill.name}"?`[31m}
 [90m 274 |[31m           message[33m=[31m[32m"This will permanently remove the bill and stop Budgie setting it aside each payday."[31m[0m[39m
  Plugin: [35mvite:react-babel[39m
  File: [36mC:/Users/simon/github/Budgie/app/frontend/src/components/AddBillModal.tsx[39m:271:6
[33m  269|      </div>
  270|  
  271|        {confirmDelete && bill && (
     |        ^
  272|          <ConfirmModal
  273|            title={`Delete "${bill.name}"?`}[39m
      at constructor (C:\Users\simon\github\Budgie\app\frontend\node_modules\@babel\parser\lib\index.js:365:19)
      at TypeScriptParserMixin.raise (C:\Users\simon\github\Budgie\app\frontend\node_modules\@babel\parser\lib\index.js:6616:19)
      at TypeScriptParserMixin.unexpected (C:\Users\simon\github\Budgie\app\frontend\node_modules\@babel\parser\lib\index.js:6636:16)
      at TypeScriptParserMixin.expect (C:\Users\simon\github\Budgie\app\frontend\node_modules\@babel\parser\lib\index.js:6916:12)
      at TypeScriptParserMixin.parseParenAndDistinguishExpression (C:\Users\simon\github\Budgie\app\frontend\node_modules\@babel\parser\lib\index.js:11678:14)
      at TypeScriptParserMixin.parseExprAtom (C:\Users\simon\github\Budgie\app\frontend\node_modules\@babel\parser\lib\index.js:11348:23)
      at TypeScriptParserMixin.parseExprAtom (C:\Users\simon\github\Budgie\app\frontend\node_modules\@babel\parser\lib\index.js:4776:20)
      at TypeScriptParserMixin.parseExprSubscripts (C:\Users\simon\github\Budgie\app\frontend\node_modules\@babel\parser\lib\index.js:11098:23)
      at TypeScriptParserMixin.parseUpdate (C:\Users\simon\github\Budgie\app\frontend\node_modules\@babel\parser\lib\index.js:11083:21)
      at TypeScriptParserMixin.parseMaybeUnary (C:\Users\simon\github\Budgie\app\frontend\node_modules\@babel\parser\lib\index.js:11063:23)
      at TypeScriptParserMixin.parseMaybeUnary (C:\Users\simon\github\Budgie\app\frontend\node_modules\@babel\parser\lib\index.js:9854:18)
      at TypeScriptParserMixin.parseMaybeUnaryOrPrivate (C:\Users\simon\github\Budgie\app\frontend\node_modules\@babel\parser\lib\index.js:10916:61)
      at TypeScriptParserMixin.parseExprOps (C:\Users\simon\github\Budgie\app\frontend\node_modules\@babel\parser\lib\index.js:10921:23)
      at TypeScriptParserMixin.parseMaybeConditional (C:\Users\simon\github\Budgie\app\frontend\node_modules\@babel\parser\lib\index.js:10898:23)
      at TypeScriptParserMixin.parseMaybeAssign (C:\Users\simon\github\Budgie\app\frontend\node_modules\@babel\parser\lib\index.js:10848:21)
      at TypeScriptParserMixin.parseMaybeAssign (C:\Users\simon\github\Budgie\app\frontend\node_modules\@babel\parser\lib\index.js:9803:20)
      at TypeScriptParserMixin.parseExpressionBase (C:\Users\simon\github\Budgie\app\frontend\node_modules\@babel\parser\lib\index.js:10801:23)
      at C:\Users\simon\github\Budgie\app\frontend\node_modules\@babel\parser\lib\index.js:10797:39
      at TypeScriptParserMixin.allowInAnd (C:\Users\simon\github\Budgie\app\frontend\node_modules\@babel\parser\lib\index.js:12438:16)
      at TypeScriptParserMixin.parseExpression (C:\Users\simon\github\Budgie\app\frontend\node_modules\@babel\parser\lib\index.js:10797:17)
      at TypeScriptParserMixin.parseReturnStatement (C:\Users\simon\github\Budgie\app\frontend\node_modules\@babel\parser\lib\index.js:13159:28)
      at TypeScriptParserMixin.parseStatementContent (C:\Users\simon\github\Budgie\app\frontend\node_modules\@babel\parser\lib\index.js:12815:21)
      at TypeScriptParserMixin.parseStatementContent (C:\Users\simon\github\Budgie\app\frontend\node_modules\@babel\parser\lib\index.js:9525:18)
      at TypeScriptParserMixin.parseStatementLike (C:\Users\simon\github\Budgie\app\frontend\node_modules\@babel\parser\lib\index.js:12784:17)
      at TypeScriptParserMixin.parseStatementListItem (C:\Users\simon\github\Budgie\app\frontend\node_modules\@babel\parser\lib\index.js:12764:17)
      at TypeScriptParserMixin.parseBlockOrModuleBlockBody (C:\Users\simon\github\Budgie\app\frontend\node_modules\@babel\parser\lib\index.js:13333:61)
      at TypeScriptParserMixin.parseBlockBody (C:\Users\simon\github\Budgie\app\frontend\node_modules\@babel\parser\lib\index.js:13326:10)
      at TypeScriptParserMixin.parseBlock (C:\Users\simon\github\Budgie\app\frontend\node_modules\@babel\parser\lib\index.js:13314:10)
      at TypeScriptParserMixin.parseFunctionBody (C:\Users\simon\github\Budgie\app\frontend\node_modules\@babel\parser\lib\index.js:12117:24)
      at TypeScriptParserMixin.parseFunctionBodyAndFinish (C:\Users\simon\github\Budgie\app\frontend\node_modules\@babel\parser\lib\index.js:12103:10)
      at TypeScriptParserMixin.parseFunctionBodyAndFinish (C:\Users\simon\github\Budgie\app\frontend\node_modules\@babel\parser\lib\index.js:9189:18)
      at C:\Users\simon\github\Budgie\app\frontend\node_modules\@babel\parser\lib\index.js:13462:12
      at TypeScriptParserMixin.withSmartMixTopicForbiddingContext (C:\Users\simon\github\Budgie\app\frontend\node_modules\@babel\parser\lib\index.js:12420:14)
      at TypeScriptParserMixin.parseFunction (C:\Users\simon\github\Budgie\app\frontend\node_modules\@babel\parser\lib\index.js:13461:10)
      at TypeScriptParserMixin.parseExportDefaultExpression (C:\Users\simon\github\Budgie\app\frontend\node_modules\@babel\parser\lib\index.js:13924:19)
      at TypeScriptParserMixin.parseExportDefaultExpression (C:\Users\simon\github\Budgie\app\frontend\node_modules\@babel\parser\lib\index.js:9419:18)
      at TypeScriptParserMixin.parseExport (C:\Users\simon\github\Budgie\app\frontend\node_modules\@babel\parser\lib\index.js:13845:25)
      at TypeScriptParserMixin.parseExport (C:\Users\simon\github\Budgie\app\frontend\node_modules\@babel\parser\lib\index.js:9402:20)
      at TypeScriptParserMixin.parseStatementContent (C:\Users\simon\github\Budgie\app\frontend\node_modules\@babel\parser\lib\index.js:12895:27)
      at TypeScriptParserMixin.parseStatementContent (C:\Users\simon\github\Budgie\app\frontend\node_modules\@babel\parser\lib\index.js:9525:18)
      at TypeScriptParserMixin.parseStatementLike (C:\Users\simon\github\Budgie\app\frontend\node_modules\@babel\parser\lib\index.js:12784:17)
      at TypeScriptParserMixin.parseModuleItem (C:\Users\simon\github\Budgie\app\frontend\node_modules\@babel\parser\lib\index.js:12761:17)
      at TypeScriptParserMixin.parseBlockOrModuleBlockBody (C:\Users\simon\github\Budgie\app\frontend\node_modules\@babel\parser\lib\index.js:13333:36)
      at TypeScriptParserMixin.parseBlockBody (C:\Users\simon\github\Budgie\app\frontend\node_modules\@babel\parser\lib\index.js:13326:10)
      at TypeScriptParserMixin.parseProgram (C:\Users\simon\github\Budgie\app\frontend\node_modules\@babel\parser\lib\index.js:12639:10)
      at TypeScriptParserMixin.parseTopLevel (C:\Users\simon\github\Budgie\app\frontend\node_modules\@babel\parser\lib\index.js:12629:25)
      at TypeScriptParserMixin.parse (C:\Users\simon\github\Budgie\app\frontend\node_modules\@babel\parser\lib\index.js:14505:25)
      at TypeScriptParserMixin.parse (C:\Users\simon\github\Budgie\app\frontend\node_modules\@babel\parser\lib\index.js:10143:18)
      at parse (C:\Users\simon\github\Budgie\app\frontend\node_modules\@babel\parser\lib\index.js:14539:38)
      at parser (C:\Users\simon\github\Budgie\app\frontend\node_modules\@babel\core\lib\parser\index.js:41:34)
[2m5:14:11 pm[22m [36m[1m[vite][22m[39m [32mhmr update [39m[2m/src/components/AddBillModal.tsx[22m
[2m5:14:11 pm[22m [31m[1m[vite][22m[39m Pre-transform error: C:\Users\simon\github\Budgie\app\frontend\src\components\AddBillModal.tsx: Unexpected token, expected "," (271:4)

[0m [90m 269 |[39m     [33m<[39m[33m/[39m[33mdiv[39m[33m>[39m
 [90m 270 |[39m
[31m[1m>[22m[39m[90m 271 |[39m     {confirmDelete [33m&&[39m bill [33m&&[39m (
 [90m     |[39m     [31m[1m^[22m[39m
 [90m 272 |[39m       [33m<[39m[33mConfirmModal[39m
 [90m 273 |[39m         title[33m=[39m{[32m`Delete "${bill.name}"?`[39m}
 [90m 274 |[39m         message[33m=[39m[32m"This will permanently remove the bill and stop Budgie setting it aside each payday."[39m[0m
[2m5:14:11 pm[22m [31m[1m[vite][22m[39m [31mInternal server error: C:\Users\simon\github\Budgie\app\frontend\src\components\AddBillModal.tsx: Unexpected token, expected "," (271:4)

[0m [90m 269 |[31m     [33m<[31m[33m/[31m[33mdiv[31m[33m>[31m
 [90m 270 |[31m
[31m[1m>[22m[31m[90m 271 |[31m     {confirmDelete [33m&&[31m bill [33m&&[31m (
 [90m     |[31m     [31m[1m^[22m[31m
 [90m 272 |[31m       [33m<[31m[33mConfirmModal[31m
 [90m 273 |[31m         title[33m=[31m{[32m`Delete "${bill.name}"?`[31m}
 [90m 274 |[31m         message[33m=[31m[32m"This will permanently remove the bill and stop Budgie setting it aside each payday."[31m[0m[39m
  Plugin: [35mvite:react-babel[39m
  File: [36mC:/Users/simon/github/Budgie/app/frontend/src/components/AddBillModal.tsx[39m:271:4
[33m  269|      </div>
  270|  
  271|      {confirmDelete && bill && (
     |      ^
  272|        <ConfirmModal
  273|          title={`Delete "${bill.name}"?`}[39m
      at constructor (C:\Users\simon\github\Budgie\app\frontend\node_modules\@babel\parser\lib\index.js:365:19)
      at TypeScriptParserMixin.raise (C:\Users\simon\github\Budgie\app\frontend\node_modules\@babel\parser\lib\index.js:6616:19)
      at TypeScriptParserMixin.unexpected (C:\Users\simon\github\Budgie\app\frontend\node_modules\@babel\parser\lib\index.js:6636:16)
      at TypeScriptParserMixin.expect (C:\Users\simon\github\Budgie\app\frontend\node_modules\@babel\parser\lib\index.js:6916:12)
      at TypeScriptParserMixin.parseParenAndDistinguishExpression (C:\Users\simon\github\Budgie\app\frontend\node_modules\@babel\parser\lib\index.js:11678:14)
      at TypeScriptParserMixin.parseExprAtom (C:\Users\simon\github\Budgie\app\frontend\node_modules\@babel\parser\lib\index.js:11348:23)
      at TypeScriptParserMixin.parseExprAtom (C:\Users\simon\github\Budgie\app\frontend\node_modules\@babel\parser\lib\index.js:4776:20)
      at TypeScriptParserMixin.parseExprSubscripts (C:\Users\simon\github\Budgie\app\frontend\node_modules\@babel\parser\lib\index.js:11098:23)
      at TypeScriptParserMixin.parseUpdate (C:\Users\simon\github\Budgie\app\frontend\node_modules\@babel\parser\lib\index.js:11083:21)
      at TypeScriptParserMixin.parseMaybeUnary (C:\Users\simon\github\Budgie\app\frontend\node_modules\@babel\parser\lib\index.js:11063:23)
      at TypeScriptParserMixin.parseMaybeUnary (C:\Users\simon\github\Budgie\app\frontend\node_modules\@babel\parser\lib\index.js:9854:18)
      at TypeScriptParserMixin.parseMaybeUnaryOrPrivate (C:\Users\simon\github\Budgie\app\frontend\node_modules\@babel\parser\lib\index.js:10916:61)
      at TypeScriptParserMixin.parseExprOps (C:\Users\simon\github\Budgie\app\frontend\node_modules\@babel\parser\lib\index.js:10921:23)
      at TypeScriptParserMixin.parseMaybeConditional (C:\Users\simon\github\Budgie\app\frontend\node_modules\@babel\parser\lib\index.js:10898:23)
      at TypeScriptParserMixin.parseMaybeAssign (C:\Users\simon\github\Budgie\app\frontend\node_modules\@babel\parser\lib\index.js:10848:21)
      at TypeScriptParserMixin.parseMaybeAssign (C:\Users\simon\github\Budgie\app\frontend\node_modules\@babel\parser\lib\index.js:9803:20)
      at TypeScriptParserMixin.parseExpressionBase (C:\Users\simon\github\Budgie\app\frontend\node_modules\@babel\parser\lib\index.js:10801:23)
      at C:\Users\simon\github\Budgie\app\frontend\node_modules\@babel\parser\lib\index.js:10797:39
      at TypeScriptParserMixin.allowInAnd (C:\Users\simon\github\Budgie\app\frontend\node_modules\@babel\parser\lib\index.js:12438:16)
      at TypeScriptParserMixin.parseExpression (C:\Users\simon\github\Budgie\app\frontend\node_modules\@babel\parser\lib\index.js:10797:17)
      at TypeScriptParserMixin.parseReturnStatement (C:\Users\simon\github\Budgie\app\frontend\node_modules\@babel\parser\lib\index.js:13159:28)
      at TypeScriptParserMixin.parseStatementContent (C:\Users\simon\github\Budgie\app\frontend\node_modules\@babel\parser\lib\index.js:12815:21)
      at TypeScriptParserMixin.parseStatementContent (C:\Users\simon\github\Budgie\app\frontend\node_modules\@babel\parser\lib\index.js:9525:18)
      at TypeScriptParserMixin.parseStatementLike (C:\Users\simon\github\Budgie\app\frontend\node_modules\@babel\parser\lib\index.js:12784:17)
      at TypeScriptParserMixin.parseStatementListItem (C:\Users\simon\github\Budgie\app\frontend\node_modules\@babel\parser\lib\index.js:12764:17)
      at TypeScriptParserMixin.parseBlockOrModuleBlockBody (C:\Users\simon\github\Budgie\app\frontend\node_modules\@babel\parser\lib\index.js:13333:61)
      at TypeScriptParserMixin.parseBlockBody (C:\Users\simon\github\Budgie\app\frontend\node_modules\@babel\parser\lib\index.js:13326:10)
      at TypeScriptParserMixin.parseBlock (C:\Users\simon\github\Budgie\app\frontend\node_modules\@babel\parser\lib\index.js:13314:10)
      at TypeScriptParserMixin.parseFunctionBody (C:\Users\simon\github\Budgie\app\frontend\node_modules\@babel\parser\lib\index.js:12117:24)
      at TypeScriptParserMixin.parseFunctionBodyAndFinish (C:\Users\simon\github\Budgie\app\frontend\node_modules\@babel\parser\lib\index.js:12103:10)
      at TypeScriptParserMixin.parseFunctionBodyAndFinish (C:\Users\simon\github\Budgie\app\frontend\node_modules\@babel\parser\lib\index.js:9189:18)
      at C:\Users\simon\github\Budgie\app\frontend\node_modules\@babel\parser\lib\index.js:13462:12
      at TypeScriptParserMixin.withSmartMixTopicForbiddingContext (C:\Users\simon\github\Budgie\app\frontend\node_modules\@babel\parser\lib\index.js:12420:14)
      at TypeScriptParserMixin.parseFunction (C:\Users\simon\github\Budgie\app\frontend\node_modules\@babel\parser\lib\index.js:13461:10)
      at TypeScriptParserMixin.parseExportDefaultExpression (C:\Users\simon\github\Budgie\app\frontend\node_modules\@babel\parser\lib\index.js:13924:19)
      at TypeScriptParserMixin.parseExportDefaultExpression (C:\Users\simon\github\Budgie\app\frontend\node_modules\@babel\parser\lib\index.js:9419:18)
      at TypeScriptParserMixin.parseExport (C:\Users\simon\github\Budgie\app\frontend\node_modules\@babel\parser\lib\index.js:13845:25)
      at TypeScriptParserMixin.parseExport (C:\Users\simon\github\Budgie\app\frontend\node_modules\@babel\parser\lib\index.js:9402:20)
      at TypeScriptParserMixin.parseStatementContent (C:\Users\simon\github\Budgie\app\frontend\node_modules\@babel\parser\lib\index.js:12895:27)
      at TypeScriptParserMixin.parseStatementContent (C:\Users\simon\github\Budgie\app\frontend\node_modules\@babel\parser\lib\index.js:9525:18)
      at TypeScriptParserMixin.parseStatementLike (C:\Users\simon\github\Budgie\app\frontend\node_modules\@babel\parser\lib\index.js:12784:17)
      at TypeScriptParserMixin.parseModuleItem (C:\Users\simon\github\Budgie\app\frontend\node_modules\@babel\parser\lib\index.js:12761:17)
      at TypeScriptParserMixin.parseBlockOrModuleBlockBody (C:\Users\simon\github\Budgie\app\frontend\node_modules\@babel\parser\lib\index.js:13333:36)
      at TypeScriptParserMixin.parseBlockBody (C:\Users\simon\github\Budgie\app\frontend\node_modules\@babel\parser\lib\index.js:13326:10)
      at TypeScriptParserMixin.parseProgram (C:\Users\simon\github\Budgie\app\frontend\node_modules\@babel\parser\lib\index.js:12639:10)
      at TypeScriptParserMixin.parseTopLevel (C:\Users\simon\github\Budgie\app\frontend\node_modules\@babel\parser\lib\index.js:12629:25)
      at TypeScriptParserMixin.parse (C:\Users\simon\github\Budgie\app\frontend\node_modules\@babel\parser\lib\index.js:14505:25)
      at TypeScriptParserMixin.parse (C:\Users\simon\github\Budgie\app\frontend\node_modules\@babel\parser\lib\index.js:10143:18)
      at parse (C:\Users\simon\github\Budgie\app\frontend\node_modules\@babel\parser\lib\index.js:14539:38)
      at parser (C:\Users\simon\github\Budgie\app\frontend\node_modules\@babel\core\lib\parser\index.js:41:34)
[2m5:14:26 pm[22m [36m[1m[vite][22m[39m [32mhmr update [39m[2m/src/components/AddBillModal.tsx[22m
[2m5:14:31 pm[22m [36m[1m[vite][22m[39m [32mhmr update [39m[2m/src/components/AddBillModal.tsx[22m
[2m5:15:00 pm[22m [36m[1m[vite][22m[39m [32mhmr update [39m[2m/src/components/ManageCategories.tsx[22m
[2m5:18:16 pm[22m [36m[1m[vite][22m[39m [32mhmr update [39m[2m/src/components/AddBillModal.tsx[22m
[2m5:19:23 pm[22m [36m[1m[vite][22m[39m [32mhmr update [39m[2m/src/components/BillsSection.tsx[22m
[2m5:19:30 pm[22m [36m[1m[vite][22m[39m [32mhmr update [39m[2m/src/components/BillsSection.tsx[22m
[2m5:19:34 pm[22m [36m[1m[vite][22m[39m [32mhmr update [39m[2m/src/components/SavingsSection.tsx[22m
[2m5:19:39 pm[22m [36m[1m[vite][22m[39m [32mhmr update [39m[2m/src/components/SavingsSection.tsx[22m
[2m5:21:58 pm[22m [36m[1m[vite][22m[39m [32mhmr update [39m[2m/src/components/PayHeader.tsx[22m
[2m5:22:08 pm[22m [36m[1m[vite][22m[39m [32mhmr update [39m[2m/src/components/PayHeader.tsx[22m
[2m5:22:15 pm[22m [36m[1m[vite][22m[39m [32mhmr update [39m[2m/src/components/PayHeader.tsx[22m
[2m5:22:29 pm[22m [36m[1m[vite][22m[39m [32mhmr update [39m[2m/src/components/PayHeader.tsx[22m
[2m5:22:38 pm[22m [36m[1m[vite][22m[39m [32mhmr update [39m[2m/src/components/BillsSection.tsx[22m
[2m5:22:42 pm[22m [36m[1m[vite][22m[39m [32mhmr update [39m[2m/src/components/BillsSection.tsx[22m
[2m5:22:49 pm[22m [36m[1m[vite][22m[39m [32mhmr update [39m[2m/src/components/BillsSection.tsx[22m
[2m5:22:54 pm[22m [36m[1m[vite][22m[39m [32mhmr update [39m[2m/src/components/SavingsSection.tsx[22m
[2m5:22:59 pm[22m [36m[1m[vite][22m[39m [32mhmr update [39m[2m/src/components/SavingsSection.tsx[22m
[2m5:23:04 pm[22m [36m[1m[vite][22m[39m [32mhmr update [39m[2m/src/components/SavingsSection.tsx[22m
[2m5:23:21 pm[22m [36m[1m[vite][22m[39m [32mhmr update [39m[2m/src/App.tsx[22m
[2m5:23:33 pm[22m [36m[1m[vite][22m[39m [32mhmr update [39m[2m/src/App.tsx[22m
[2m5:25:22 pm[22m [36m[1m[vite][22m[39m [32mhmr update [39m[2m/src/components/AppBar.tsx[22m
[2m5:25:33 pm[22m [36m[1m[vite][22m[39m [32mhmr update [39m[2m/src/components/PayHeader.tsx[22m
[2m5:25:37 pm[22m [36m[1m[vite][22m[39m [32mhmr update [39m[2m/src/components/PayHeader.tsx[22m
[2m5:25:42 pm[22m [36m[1m[vite][22m[39m [32mhmr update [39m[2m/src/components/PayHeader.tsx[22m
[2m5:25:52 pm[22m [36m[1m[vite][22m[39m [32mhmr update [39m[2m/src/App.tsx[22m
[2m5:26:03 pm[22m [36m[1m[vite][22m[39m [32mhmr update [39m[2m/src/App.tsx[22m
[2m5:28:23 pm[22m [36m[1m[vite][22m[39m [32mhmr update [39m[2m/src/components/PayHeader.tsx[22m
[2m5:28:39 pm[22m [36m[1m[vite][22m[39m [32mhmr update [39m[2m/src/App.tsx[22m
[2m5:28:58 pm[22m [36m[1m[vite][22m[39m [32mhmr update [39m[2m/src/App.tsx[22m
[2m5:29:02 pm[22m [36m[1m[vite][22m[39m [32mhmr update [39m[2m/src/components/PayHeader.tsx[22m
[2m5:29:06 pm[22m [36m[1m[vite][22m[39m [32mhmr update [39m[2m/src/App.tsx[22m
[2m5:29:10 pm[22m [36m[1m[vite][22m[39m [32mhmr update [39m[2m/src/App.tsx[22m
[2m5:29:16 pm[22m [36m[1m[vite][22m[39m [32mhmr update [39m[2m/src/App.tsx[22m
[2m5:30:33 pm[22m [36m[1m[vite][22m[39m [32mhmr update [39m[2m/src/components/PayHeader.tsx[22m
[2m5:31:22 pm[22m [36m[1m[vite][22m[39m [32mhmr update [39m[2m/src/components/PayHeader.tsx[22m
[2m5:32:29 pm[22m [36m[1m[vite][22m[39m [32mhmr update [39m[2m/src/components/PayHeader.tsx[22m
[2m5:32:29 pm[22m [31m[1m[vite][22m[39m [31mInternal server error: C:\Users\simon\github\Budgie\app\frontend\src\components\PayHeader.tsx: Unterminated JSX contents. (189:10)

[0m [90m 187 |[31m         [33m<[31m[33m/[31m[33mdiv[31m[33m>[31m
 [90m 188 |[31m       [33m<[31m[33m/[31m[33mdiv[31m[33m>[31m
[31m[1m>[22m[31m[90m 189 |[31m     [33m<[31m[33m/[31m[33mdiv[31m[33m>[31m
 [90m     |[31m           [31m[1m^[22m[31m
 [90m 190 |[31m   )[33m;[31m
 [90m 191 |[31m }
 [90m 192 |[31m[0m[39m
  Plugin: [35mvite:react-babel[39m
  File: [36mC:/Users/simon/github/Budgie/app/frontend/src/components/PayHeader.tsx[39m:189:10
[33m  187|          </div>
  188|        </div>
  189|      </div>
     |            ^
  190|    );
  191|  }[39m
      at constructor (C:\Users\simon\github\Budgie\app\frontend\node_modules\@babel\parser\lib\index.js:365:19)
      at TypeScriptParserMixin.raise (C:\Users\simon\github\Budgie\app\frontend\node_modules\@babel\parser\lib\index.js:6616:19)
      at TypeScriptParserMixin.jsxReadToken (C:\Users\simon\github\Budgie\app\frontend\node_modules\@babel\parser\lib\index.js:4460:20)
      at TypeScriptParserMixin.getTokenFromCode (C:\Users\simon\github\Budgie\app\frontend\node_modules\@babel\parser\lib\index.js:4786:12)
      at TypeScriptParserMixin.getTokenFromCode (C:\Users\simon\github\Budgie\app\frontend\node_modules\@babel\parser\lib\index.js:10004:11)
      at TypeScriptParserMixin.nextToken (C:\Users\simon\github\Budgie\app\frontend\node_modules\@babel\parser\lib\index.js:5799:10)
      at TypeScriptParserMixin.next (C:\Users\simon\github\Budgie\app\frontend\node_modules\@babel\parser\lib\index.js:5709:10)
      at TypeScriptParserMixin.eat (C:\Users\simon\github\Budgie\app\frontend\node_modules\@babel\parser\lib\index.js:5713:12)
      at TypeScriptParserMixin.expect (C:\Users\simon\github\Budgie\app\frontend\node_modules\@babel\parser\lib\index.js:6915:15)
      at TypeScriptParserMixin.jsxParseClosingElementAt (C:\Users\simon\github\Budgie\app\frontend\node_modules\@babel\parser\lib\index.js:4692:10)
      at TypeScriptParserMixin.jsxParseElementAt (C:\Users\simon\github\Budgie\app\frontend\node_modules\@babel\parser\lib\index.js:4707:37)
      at TypeScriptParserMixin.jsxParseElementAt (C:\Users\simon\github\Budgie\app\frontend\node_modules\@babel\parser\lib\index.js:4710:32)
      at TypeScriptParserMixin.jsxParseElement (C:\Users\simon\github\Budgie\app\frontend\node_modules\@babel\parser\lib\index.js:4761:17)
      at TypeScriptParserMixin.parseExprAtom (C:\Users\simon\github\Budgie\app\frontend\node_modules\@babel\parser\lib\index.js:4771:19)
      at TypeScriptParserMixin.parseExprSubscripts (C:\Users\simon\github\Budgie\app\frontend\node_modules\@babel\parser\lib\index.js:11098:23)
      at TypeScriptParserMixin.parseUpdate (C:\Users\simon\github\Budgie\app\frontend\node_modules\@babel\parser\lib\index.js:11083:21)
      at TypeScriptParserMixin.parseMaybeUnary (C:\Users\simon\github\Budgie\app\frontend\node_modules\@babel\parser\lib\index.js:11063:23)
      at TypeScriptParserMixin.parseMaybeUnary (C:\Users\simon\github\Budgie\app\frontend\node_modules\@babel\parser\lib\index.js:9854:18)
      at TypeScriptParserMixin.parseMaybeUnaryOrPrivate (C:\Users\simon\github\Budgie\app\frontend\node_modules\@babel\parser\lib\index.js:10916:61)
      at TypeScriptParserMixin.parseExprOps (C:\Users\simon\github\Budgie\app\frontend\node_modules\@babel\parser\lib\index.js:10921:23)
      at TypeScriptParserMixin.parseMaybeConditional (C:\Users\simon\github\Budgie\app\frontend\node_modules\@babel\parser\lib\index.js:10898:23)
      at TypeScriptParserMixin.parseMaybeAssign (C:\Users\simon\github\Budgie\app\frontend\node_modules\@babel\parser\lib\index.js:10848:21)
      at C:\Users\simon\github\Budgie\app\frontend\node_modules\@babel\parser\lib\index.js:9792:39
      at TypeScriptParserMixin.tryParse (C:\Users\simon\github\Budgie\app\frontend\node_modules\@babel\parser\lib\index.js:6924:20)
      at TypeScriptParserMixin.parseMaybeAssign (C:\Users\simon\github\Budgie\app\frontend\node_modules\@babel\parser\lib\index.js:9792:18)
      at C:\Users\simon\github\Budgie\app\frontend\node_modules\@babel\parser\lib\index.js:10817:39
      at TypeScriptParserMixin.allowInAnd (C:\Users\simon\github\Budgie\app\frontend\node_modules\@babel\parser\lib\index.js:12443:12)
      at TypeScriptParserMixin.parseMaybeAssignAllowIn (C:\Users\simon\github\Budgie\app\frontend\node_modules\@babel\parser\lib\index.js:10817:17)
      at TypeScriptParserMixin.parseMaybeAssignAllowInOrVoidPattern (C:\Users\simon\github\Budgie\app\frontend\node_modules\@babel\parser\lib\index.js:12510:17)
      at TypeScriptParserMixin.parseParenAndDistinguishExpression (C:\Users\simon\github\Budgie\app\frontend\node_modules\@babel\parser\lib\index.js:11692:28)
      at TypeScriptParserMixin.parseExprAtom (C:\Users\simon\github\Budgie\app\frontend\node_modules\@babel\parser\lib\index.js:11348:23)
      at TypeScriptParserMixin.parseExprAtom (C:\Users\simon\github\Budgie\app\frontend\node_modules\@babel\parser\lib\index.js:4776:20)
      at TypeScriptParserMixin.parseExprSubscripts (C:\Users\simon\github\Budgie\app\frontend\node_modules\@babel\parser\lib\index.js:11098:23)
      at TypeScriptParserMixin.parseUpdate (C:\Users\simon\github\Budgie\app\frontend\node_modules\@babel\parser\lib\index.js:11083:21)
      at TypeScriptParserMixin.parseMaybeUnary (C:\Users\simon\github\Budgie\app\frontend\node_modules\@babel\parser\lib\index.js:11063:23)
      at TypeScriptParserMixin.parseMaybeUnary (C:\Users\simon\github\Budgie\app\frontend\node_modules\@babel\parser\lib\index.js:9854:18)
      at TypeScriptParserMixin.parseMaybeUnaryOrPrivate (C:\Users\simon\github\Budgie\app\frontend\node_modules\@babel\parser\lib\index.js:10916:61)
      at TypeScriptParserMixin.parseExprOps (C:\Users\simon\github\Budgie\app\frontend\node_modules\@babel\parser\lib\index.js:10921:23)
      at TypeScriptParserMixin.parseMaybeConditional (C:\Users\simon\github\Budgie\app\frontend\node_modules\@babel\parser\lib\index.js:10898:23)
      at TypeScriptParserMixin.parseMaybeAssign (C:\Users\simon\github\Budgie\app\frontend\node_modules\@babel\parser\lib\index.js:10848:21)
      at TypeScriptParserMixin.parseMaybeAssign (C:\Users\simon\github\Budgie\app\frontend\node_modules\@babel\parser\lib\index.js:9803:20)
      at TypeScriptParserMixin.parseExpressionBase (C:\Users\simon\github\Budgie\app\frontend\node_modules\@babel\parser\lib\index.js:10801:23)
      at C:\Users\simon\github\Budgie\app\frontend\node_modules\@babel\parser\lib\index.js:10797:39
      at TypeScriptParserMixin.allowInAnd (C:\Users\simon\github\Budgie\app\frontend\node_modules\@babel\parser\lib\index.js:12438:16)
      at TypeScriptParserMixin.parseExpression (C:\Users\simon\github\Budgie\app\frontend\node_modules\@babel\parser\lib\index.js:10797:17)
      at TypeScriptParserMixin.parseReturnStatement (C:\Users\simon\github\Budgie\app\frontend\node_modules\@babel\parser\lib\index.js:13159:28)
      at TypeScriptParserMixin.parseStatementContent (C:\Users\simon\github\Budgie\app\frontend\node_modules\@babel\parser\lib\index.js:12815:21)
      at TypeScriptParserMixin.parseStatementContent (C:\Users\simon\github\Budgie\app\frontend\node_modules\@babel\parser\lib\index.js:9525:18)
      at TypeScriptParserMixin.parseStatementLike (C:\Users\simon\github\Budgie\app\frontend\node_modules\@babel\parser\lib\index.js:12784:17)
      at TypeScriptParserMixin.parseStatementListItem (C:\Users\simon\github\Budgie\app\frontend\node_modules\@babel\parser\lib\index.js:12764:17)
[2m5:32:50 pm[22m [36m[1m[vite][22m[39m [32mhmr update [39m[2m/src/components/PayHeader.tsx[22m
[2m5:40:18 pm[22m [36m[1m[vite][22m[39m [32mhmr update [39m[2m/src/components/BillsSection.tsx[22m
[2m5:40:31 pm[22m [36m[1m[vite][22m[39m [32mhmr update [39m[2m/src/components/BillsSection.tsx[22m
[2m5:40:40 pm[22m [36m[1m[vite][22m[39m [32mhmr update [39m[2m/src/components/BillsSection.tsx[22m
[2m5:40:42 pm[22m [31m[1m[vite][22m[39m [31mInternal server error: C:\Users\simon\github\Budgie\app\frontend\src\components\BillsSection.tsx: Unterminated JSX contents. (89:10)

[0m [90m 87 |[31m         [33m<[31m[33m/[31m[33mdiv[31m[33m>[31m
 [90m 88 |[31m       )}
[31m[1m>[22m[31m[90m 89 |[31m     [33m<[31m[33m/[31m[33mdiv[31m[33m>[31m
 [90m    |[31m           [31m[1m^[22m[31m
 [90m 90 |[31m   )[33m;[31m
 [90m 91 |[31m }
 [90m 92 |[31m[0m[39m
  Plugin: [35mvite:react-babel[39m
  File: [36mC:/Users/simon/github/Budgie/app/frontend/src/components/BillsSection.tsx[39m:89:10
[33m  87 |          </div>
  88 |        )}
  89 |      </div>
     |            ^
  90 |    );
  91 |  }[39m
      at constructor (C:\Users\simon\github\Budgie\app\frontend\node_modules\@babel\parser\lib\index.js:365:19)
      at TypeScriptParserMixin.raise (C:\Users\simon\github\Budgie\app\frontend\node_modules\@babel\parser\lib\index.js:6616:19)
      at TypeScriptParserMixin.jsxReadToken (C:\Users\simon\github\Budgie\app\frontend\node_modules\@babel\parser\lib\index.js:4460:20)
      at TypeScriptParserMixin.getTokenFromCode (C:\Users\simon\github\Budgie\app\frontend\node_modules\@babel\parser\lib\index.js:4786:12)
      at TypeScriptParserMixin.getTokenFromCode (C:\Users\simon\github\Budgie\app\frontend\node_modules\@babel\parser\lib\index.js:10004:11)
      at TypeScriptParserMixin.nextToken (C:\Users\simon\github\Budgie\app\frontend\node_modules\@babel\parser\lib\index.js:5799:10)
      at TypeScriptParserMixin.next (C:\Users\simon\github\Budgie\app\frontend\node_modules\@babel\parser\lib\index.js:5709:10)
      at TypeScriptParserMixin.eat (C:\Users\simon\github\Budgie\app\frontend\node_modules\@babel\parser\lib\index.js:5713:12)
      at TypeScriptParserMixin.expect (C:\Users\simon\github\Budgie\app\frontend\node_modules\@babel\parser\lib\index.js:6915:15)
      at TypeScriptParserMixin.jsxParseClosingElementAt (C:\Users\simon\github\Budgie\app\frontend\node_modules\@babel\parser\lib\index.js:4692:10)
      at TypeScriptParserMixin.jsxParseElementAt (C:\Users\simon\github\Budgie\app\frontend\node_modules\@babel\parser\lib\index.js:4707:37)
      at TypeScriptParserMixin.jsxParseElementAt (C:\Users\simon\github\Budgie\app\frontend\node_modules\@babel\parser\lib\index.js:4710:32)
      at TypeScriptParserMixin.jsxParseElement (C:\Users\simon\github\Budgie\app\frontend\node_modules\@babel\parser\lib\index.js:4761:17)
      at TypeScriptParserMixin.parseExprAtom (C:\Users\simon\github\Budgie\app\frontend\node_modules\@babel\parser\lib\index.js:4771:19)
      at TypeScriptParserMixin.parseExprSubscripts (C:\Users\simon\github\Budgie\app\frontend\node_modules\@babel\parser\lib\index.js:11098:23)
      at TypeScriptParserMixin.parseUpdate (C:\Users\simon\github\Budgie\app\frontend\node_modules\@babel\parser\lib\index.js:11083:21)
      at TypeScriptParserMixin.parseMaybeUnary (C:\Users\simon\github\Budgie\app\frontend\node_modules\@babel\parser\lib\index.js:11063:23)
      at TypeScriptParserMixin.parseMaybeUnary (C:\Users\simon\github\Budgie\app\frontend\node_modules\@babel\parser\lib\index.js:9854:18)
      at TypeScriptParserMixin.parseMaybeUnaryOrPrivate (C:\Users\simon\github\Budgie\app\frontend\node_modules\@babel\parser\lib\index.js:10916:61)
      at TypeScriptParserMixin.parseExprOps (C:\Users\simon\github\Budgie\app\frontend\node_modules\@babel\parser\lib\index.js:10921:23)
      at TypeScriptParserMixin.parseMaybeConditional (C:\Users\simon\github\Budgie\app\frontend\node_modules\@babel\parser\lib\index.js:10898:23)
      at TypeScriptParserMixin.parseMaybeAssign (C:\Users\simon\github\Budgie\app\frontend\node_modules\@babel\parser\lib\index.js:10848:21)
      at C:\Users\simon\github\Budgie\app\frontend\node_modules\@babel\parser\lib\index.js:9792:39
      at TypeScriptParserMixin.tryParse (C:\Users\simon\github\Budgie\app\frontend\node_modules\@babel\parser\lib\index.js:6924:20)
      at TypeScriptParserMixin.parseMaybeAssign (C:\Users\simon\github\Budgie\app\frontend\node_modules\@babel\parser\lib\index.js:9792:18)
      at C:\Users\simon\github\Budgie\app\frontend\node_modules\@babel\parser\lib\index.js:10817:39
      at TypeScriptParserMixin.allowInAnd (C:\Users\simon\github\Budgie\app\frontend\node_modules\@babel\parser\lib\index.js:12443:12)
      at TypeScriptParserMixin.parseMaybeAssignAllowIn (C:\Users\simon\github\Budgie\app\frontend\node_modules\@babel\parser\lib\index.js:10817:17)
      at TypeScriptParserMixin.parseMaybeAssignAllowInOrVoidPattern (C:\Users\simon\github\Budgie\app\frontend\node_modules\@babel\parser\lib\index.js:12510:17)
      at TypeScriptParserMixin.parseParenAndDistinguishExpression (C:\Users\simon\github\Budgie\app\frontend\node_modules\@babel\parser\lib\index.js:11692:28)
      at TypeScriptParserMixin.parseExprAtom (C:\Users\simon\github\Budgie\app\frontend\node_modules\@babel\parser\lib\index.js:11348:23)
      at TypeScriptParserMixin.parseExprAtom (C:\Users\simon\github\Budgie\app\frontend\node_modules\@babel\parser\lib\index.js:4776:20)
      at TypeScriptParserMixin.parseExprSubscripts (C:\Users\simon\github\Budgie\app\frontend\node_modules\@babel\parser\lib\index.js:11098:23)
      at TypeScriptParserMixin.parseUpdate (C:\Users\simon\github\Budgie\app\frontend\node_modules\@babel\parser\lib\index.js:11083:21)
      at TypeScriptParserMixin.parseMaybeUnary (C:\Users\simon\github\Budgie\app\frontend\node_modules\@babel\parser\lib\index.js:11063:23)
      at TypeScriptParserMixin.parseMaybeUnary (C:\Users\simon\github\Budgie\app\frontend\node_modules\@babel\parser\lib\index.js:9854:18)
      at TypeScriptParserMixin.parseMaybeUnaryOrPrivate (C:\Users\simon\github\Budgie\app\frontend\node_modules\@babel\parser\lib\index.js:10916:61)
      at TypeScriptParserMixin.parseExprOps (C:\Users\simon\github\Budgie\app\frontend\node_modules\@babel\parser\lib\index.js:10921:23)
      at TypeScriptParserMixin.parseMaybeConditional (C:\Users\simon\github\Budgie\app\frontend\node_modules\@babel\parser\lib\index.js:10898:23)
      at TypeScriptParserMixin.parseMaybeAssign (C:\Users\simon\github\Budgie\app\frontend\node_modules\@babel\parser\lib\index.js:10848:21)
      at TypeScriptParserMixin.parseMaybeAssign (C:\Users\simon\github\Budgie\app\frontend\node_modules\@babel\parser\lib\index.js:9803:20)
      at TypeScriptParserMixin.parseExpressionBase (C:\Users\simon\github\Budgie\app\frontend\node_modules\@babel\parser\lib\index.js:10801:23)
      at C:\Users\simon\github\Budgie\app\frontend\node_modules\@babel\parser\lib\index.js:10797:39
      at TypeScriptParserMixin.allowInAnd (C:\Users\simon\github\Budgie\app\frontend\node_modules\@babel\parser\lib\index.js:12438:16)
      at TypeScriptParserMixin.parseExpression (C:\Users\simon\github\Budgie\app\frontend\node_modules\@babel\parser\lib\index.js:10797:17)
      at TypeScriptParserMixin.parseReturnStatement (C:\Users\simon\github\Budgie\app\frontend\node_modules\@babel\parser\lib\index.js:13159:28)
      at TypeScriptParserMixin.parseStatementContent (C:\Users\simon\github\Budgie\app\frontend\node_modules\@babel\parser\lib\index.js:12815:21)
      at TypeScriptParserMixin.parseStatementContent (C:\Users\simon\github\Budgie\app\frontend\node_modules\@babel\parser\lib\index.js:9525:18)
      at TypeScriptParserMixin.parseStatementLike (C:\Users\simon\github\Budgie\app\frontend\node_modules\@babel\parser\lib\index.js:12784:17)
      at TypeScriptParserMixin.parseStatementListItem (C:\Users\simon\github\Budgie\app\frontend\node_modules\@babel\parser\lib\index.js:12764:17)
[2m5:40:47 pm[22m [36m[1m[vite][22m[39m [32mhmr update [39m[2m/src/components/BillsSection.tsx[22m
[2m5:41:03 pm[22m [36m[1m[vite][22m[39m [32mhmr update [39m[2m/src/components/SavingsSection.tsx[22m
[2m5:41:08 pm[22m [36m[1m[vite][22m[39m [32mhmr update [39m[2m/src/components/PayHeader.tsx[22m
[2m5:41:18 pm[22m [36m[1m[vite][22m[39m [32mhmr update [39m[2m/src/components/PayHeader.tsx[22m
[2m5:42:08 pm[22m [36m[1m[vite][22m[39m [32mhmr update [39m[2m/src/components/BonusPaydayCard.tsx, /src/components/BillsSection.tsx, /src/components/CalendarCard.tsx, /src/components/AdjustFundsModal.tsx, /src/components/SavingsSection.tsx, /src/components/PayHeader.tsx, /src/components/PayCycleModal.tsx, /src/components/AddBillModal.tsx[22m
[2m5:43:08 pm[22m [36m[1m[vite][22m[39m [32mhmr update [39m[2m/src/App.tsx[22m
[2m5:44:53 pm[22m [36m[1m[vite][22m[39m [32mhmr update [39m[2m/src/App.tsx[22m
[2m5:46:10 pm[22m [36m[1m[vite][22m[39m [32mhmr update [39m[2m/src/App.tsx[22m
[2m5:46:39 pm[22m [36m[1m[vite][22m[39m [32mhmr update [39m[2m/src/App.tsx[22m
[2m5:46:49 pm[22m [36m[1m[vite][22m[39m [32mhmr update [39m[2m/src/App.tsx[22m
[2m5:46:54 pm[22m [36m[1m[vite][22m[39m [32mhmr update [39m[2m/src/App.tsx[22m
[2m5:47:47 pm[22m [36m[1m[vite][22m[39m [32mhmr update [39m[2m/src/App.tsx[22m
[2m5:48:25 pm[22m [36m[1m[vite][22m[39m [32mhmr update [39m[2m/src/App.tsx[22m
[2m5:49:38 pm[22m [36m[1m[vite][22m[39m [32mhmr update [39m[2m/src/App.tsx[22m
[2m5:51:57 pm[22m [36m[1m[vite][22m[39m [32mhmr update [39m[2m/src/App.tsx[22m
[2m5:54:26 pm[22m [36m[1m[vite][22m[39m [32mhmr update [39m[2m/src/App.tsx[22m
[2m6:11:00 pm[22m [36m[1m[vite][22m[39m [32mhmr update [39m[2m/src/App.tsx[22m
[2m6:11:08 pm[22m [36m[1m[vite][22m[39m [32mhmr update [39m[2m/src/App.tsx[22m
[2m6:11:11 pm[22m [36m[1m[vite][22m[39m [32mhmr update [39m[2m/src/App.tsx[22m
[2m6:11:15 pm[22m [36m[1m[vite][22m[39m [32mhmr update [39m[2m/src/App.tsx[22m
[2m6:11:29 pm[22m [36m[1m[vite][22m[39m [32mhmr update [39m[2m/src/App.tsx[22m
[2m6:11:32 pm[22m [36m[1m[vite][22m[39m [32mhmr update [39m[2m/src/App.tsx[22m
[2m6:12:16 pm[22m [36m[1m[vite][22m[39m [32mhmr update [39m[2m/src/components/BillsSection.tsx[22m
[2m6:12:19 pm[22m [36m[1m[vite][22m[39m [32mhmr update [39m[2m/src/components/SavingsSection.tsx[22m
[2m6:12:25 pm[22m [36m[1m[vite][22m[39m [32mhmr update [39m[2m/src/App.tsx[22m
[2m6:12:29 pm[22m [36m[1m[vite][22m[39m [32mhmr update [39m[2m/src/App.tsx[22m
[2m6:12:34 pm[22m [36m[1m[vite][22m[39m [32mhmr update [39m[2m/src/App.tsx[22m
[2m6:12:53 pm[22m [36m[1m[vite][22m[39m [32mhmr update [39m[2m/src/App.tsx[22m
[2m6:14:03 pm[22m [36m[1m[vite][22m[39m [32mhmr update [39m[2m/src/App.tsx[22m
[2m6:14:17 pm[22m [36m[1m[vite][22m[39m [32mhmr update [39m[2m/src/App.tsx[22m
[2m6:14:25 pm[22m [36m[1m[vite][22m[39m [32mhmr update [39m[2m/src/App.tsx[22m
[2m6:14:37 pm[22m [36m[1m[vite][22m[39m [32mhmr update [39m[2m/src/components/BillsSection.tsx[22m
[2m6:14:44 pm[22m [36m[1m[vite][22m[39m [32mhmr update [39m[2m/src/components/BillsSection.tsx[22m
[2m6:14:52 pm[22m [36m[1m[vite][22m[39m [32mhmr update [39m[2m/src/components/SavingsSection.tsx[22m
[2m6:14:57 pm[22m [36m[1m[vite][22m[39m [32mhmr update [39m[2m/src/components/SavingsSection.tsx[22m
[2m6:16:05 pm[22m [36m[1m[vite][22m[39m [32mhmr update [39m[2m/src/components/CategoryModal.tsx[22m
[2m6:16:55 pm[22m [36m[1m[vite][22m[39m [32mhmr update [39m[2m/src/components/CategoryModal.tsx[22m
[2m6:17:39 pm[22m [36m[1m[vite][22m[39m [32mhmr update [39m[2m/src/App.tsx[22m
[2m6:21:57 pm[22m [36m[1m[vite][22m[39m [32mhmr update [39m[2m/src/App.tsx[22m
[2m6:22:03 pm[22m [36m[1m[vite][22m[39m [32mhmr update [39m[2m/src/components/SavingsSection.tsx[22m
[2m6:22:16 pm[22m [36m[1m[vite][22m[39m [32mhmr update [39m[2m/src/App.tsx[22m
[2m6:23:15 pm[22m [36m[1m[vite][22m[39m [32mhmr update [39m[2m/src/components/CategoryModal.tsx[22m
[2m6:24:23 pm[22m [36m[1m[vite][22m[39m [32mhmr update [39m[2m/src/components/CategoryModal.tsx[22m
[2m6:24:28 pm[22m [36m[1m[vite][22m[39m [32mhmr update [39m[2m/src/App.tsx[22m
[2m6:26:11 pm[22m [36m[1m[vite][22m[39m [32mhmr update [39m[2m/src/components/CategoryModal.tsx[22m
[2m6:26:17 pm[22m [36m[1m[vite][22m[39m [32mhmr update [39m[2m/src/App.tsx[22m
